<?xml version="1.0" encoding="UTF-8"?>
<!-- Generated by org.testng.reporters.JUnitReportReporter -->
<testsuite hostname="192.168.1.147" name="com.src.RestAssuredBDD.readRestAPIData" tests="1" failures="0" timestamp="10 Mar 2019 20:45:55 GMT" time="2.178" errors="0">
  <testcase name="test_main_data" time="2.178" classname="com.src.RestAssuredBDD.readRestAPIData"/>
</testsuite> <!-- com.src.RestAssuredBDD.readRestAPIData -->
